Week 6/CarsApp_Week7/app/build/intermediates/manifest_merge_blame_file/debug/manifest-merger-blame-debug-report.txt
1<?xml version="1.0" encoding="utf-8"?>
2<manifest xmlns:android="http://schemas.android.com/apk/res/android"
3    package="com.example.myapplication"
4    android:versionCode="1"
5    android:versionName="1.0" >
6
7    <uses-sdk
8        android:minSdkVersion="29"
8-->src/main/AndroidManifest.xml
9        android:targetSdkVersion="30" />
9-->src/main/AndroidManifest.xml
10
11    <uses-permission android:name="android.permission.RECEIVE_SMS" />
11-->src/main/AndroidManifest.xml:5:5-70
11-->src/main/AndroidManifest.xml:5:22-67
12    <uses-permission android:name="android.permission.READ_SMS" />
12-->src/main/AndroidManifest.xml:6:5-67
12-->src/main/AndroidManifest.xml:6:22-64
13    <uses-permission android:name="android.permission.SEND_SMS" />
13-->src/main/AndroidManifest.xml:7:5-67
13-->src/main/AndroidManifest.xml:7:22-64
14    <uses-permission android:name="android.permission.WRITE_SMS" />
14-->src/main/AndroidManifest.xml:8:5-68
14-->src/main/AndroidManifest.xml:8:22-65
15
16    <application
16-->src/main/AndroidManifest.xml:10:5-41:19
17        android:allowBackup="true"
17-->src/main/AndroidManifest.xml:11:9-35
18        android:appComponentFactory="androidx.core.app.CoreComponentFactory"
18-->[androidx.core:core:1.3.1] AndroidManifest.xml:24:18-86
19        android:debuggable="true"
20        android:extractNativeLibs="false"
21        android:icon="@mipmap/ic_launcher"
21-->src/main/AndroidManifest.xml:12:9-43
22        android:label="Cars App Week 6"
22-->src/main/AndroidManifest.xml:13:9-40
23        android:roundIcon="@mipmap/ic_launcher_round"
23-->src/main/AndroidManifest.xml:14:9-54
24        android:supportsRtl="true"
24-->src/main/AndroidManifest.xml:15:9-35
25        android:testOnly="true"
26        android:theme="@style/Theme.MyApplication" >
26-->src/main/AndroidManifest.xml:16:9-51
27        <receiver
27-->src/main/AndroidManifest.xml:17:9-25:20
28            android:name="com.example.myapplication.SMSReceiver"
28-->src/main/AndroidManifest.xml:18:13-40
29            android:enabled="true"
29-->src/main/AndroidManifest.xml:19:13-35
30            android:exported="true"
30-->src/main/AndroidManifest.xml:20:13-36
31            android:permission="android.permission.BROADCAST_SMS" >
31-->src/main/AndroidManifest.xml:21:13-66
32            <intent-filter>
32-->src/main/AndroidManifest.xml:22:13-24:29
33                <action android:name="android.provider.Telephony.SMS_RECEIVED" />
33-->src/main/AndroidManifest.xml:23:17-82
33-->src/main/AndroidManifest.xml:23:25-79
34            </intent-filter>
35        </receiver>
36
37        <activity android:name="com.example.myapplication.MainActivity" >
37-->src/main/AndroidManifest.xml:27:9-33:20
37-->src/main/AndroidManifest.xml:27:19-47
38            <intent-filter>
38-->src/main/AndroidManifest.xml:28:13-32:29
39                <action android:name="android.intent.action.MAIN" />
39-->src/main/AndroidManifest.xml:29:17-69
39-->src/main/AndroidManifest.xml:29:25-66
40
41                <category android:name="android.intent.category.LAUNCHER" />
41-->src/main/AndroidManifest.xml:31:17-77
41-->src/main/AndroidManifest.xml:31:27-74
42            </intent-filter>
43        </activity>
44        <activity android:name="com.example.myapplication.RecyclerViewActivity" >
44-->src/main/AndroidManifest.xml:35:9-39:20
44-->src/main/AndroidManifest.xml:35:19-55
45            <intent-filter>
45-->src/main/AndroidManifest.xml:36:13-38:29
46                <action android:name="android.intent.action.MAIN" />
46-->src/main/AndroidManifest.xml:29:17-69
46-->src/main/AndroidManifest.xml:29:25-66
47            </intent-filter>
48        </activity>
49
50        <service
50-->[androidx.room:room-runtime:2.2.5] AndroidManifest.xml:25:9-28:40
51            android:name="androidx.room.MultiInstanceInvalidationService"
51-->[androidx.room:room-runtime:2.2.5] AndroidManifest.xml:26:13-74
52            android:directBootAware="true"
52-->[androidx.room:room-runtime:2.2.5] AndroidManifest.xml:27:13-43
53            android:exported="false" />
53-->[androidx.room:room-runtime:2.2.5] AndroidManifest.xml:28:13-37
54
55        <provider
55-->[androidx.lifecycle:lifecycle-process:2.2.0] AndroidManifest.xml:25:9-29:43
56            android:name="androidx.lifecycle.ProcessLifecycleOwnerInitializer"
56-->[androidx.lifecycle:lifecycle-process:2.2.0] AndroidManifest.xml:26:13-79
57            android:authorities="com.example.myapplication.lifecycle-process"
57-->[androidx.lifecycle:lifecycle-process:2.2.0] AndroidManifest.xml:27:13-69
58            android:exported="false"
58-->[androidx.lifecycle:lifecycle-process:2.2.0] AndroidManifest.xml:28:13-37
59            android:multiprocess="true" />
59-->[androidx.lifecycle:lifecycle-process:2.2.0] AndroidManifest.xml:29:13-40
60    </application>
61
62</manifest>